<?xml version="1.0" encoding="UTF-8"?>
<testsuite name="ic.doc.RecentlyUsedListTest" tests="1" skipped="0" failures="0" errors="0" timestamp="2023-01-29T00:09:01" hostname="DideMacBook-Pro.local" time="0.003">
  <properties/>
  <testcase name="isItemUniqueTest" classname="ic.doc.RecentlyUsedListTest" time="0.003"/>
  <system-out><![CDATA[]]></system-out>
  <system-err><![CDATA[]]></system-err>
</testsuite>
